{"numFailedTestSuites":0,"numFailedTests":0,"numPassedTestSuites":13,"numPassedTests":13,"numPendingTestSuites":0,"numPendingTests":0,"numRuntimeErrorTestSuites":0,"numTotalTestSuites":13,"numTotalTests":13,"openHandles":[],"snapshot":{"added":0,"didUpdate":false,"failure":false,"filesAdded":0,"filesRemoved":0,"filesUnmatched":0,"filesUpdated":0,"matched":0,"total":0,"unchecked":0,"uncheckedKeysByFile":[],"unmatched":0,"updated":0},"startTime":1555851558277,"success":true,"testResults":[{"console":null,"failureMessage":null,"numFailingTests":0,"numPassingTests":1,"numPendingTests":0,"perfStats":{"end":1555851559087,"start":1555851558701},"snapshot":{"added":0,"fileDeleted":false,"matched":0,"unchecked":0,"unmatched":0,"updated":0,"uncheckedKeys":[]},"testFilePath":"/Users/jona/Documents/elevation/fs_tests/sql/sql-intro-lesson-exercises/tests/spot-check-2/ex-1.test.js","testResults":[{"ancestorTitles":["exercise1"],"duration":98,"failureMessages":[],"fullName":"exercise1 Should select only the coolness level and names of your deities, instead of using an *","location":null,"numPassingAsserts":0,"status":"passed","title":"Should select only the coolness level and names of your deities, instead of using an *"}],"sourceMaps":{},"skipped":false,"leaks":false},{"console":null,"failureMessage":null,"numFailingTests":0,"numPassingTests":1,"numPendingTests":0,"perfStats":{"end":1555851559333,"start":1555851559098},"snapshot":{"added":0,"fileDeleted":false,"matched":0,"unchecked":0,"unmatched":0,"updated":0,"uncheckedKeys":[]},"testFilePath":"/Users/jona/Documents/elevation/fs_tests/sql/sql-intro-lesson-exercises/tests/spot-check-7/ex-1.test.js","testResults":[{"ancestorTitles":["exercise1"],"duration":47,"failureMessages":[],"fullName":"exercise1 Should remove any deity whose main power starts with the letter \"w\"","location":null,"numPassingAsserts":0,"status":"passed","title":"Should remove any deity whose main power starts with the letter \"w\""}],"sourceMaps":{},"skipped":false,"leaks":false},{"console":null,"failureMessage":null,"numFailingTests":0,"numPassingTests":1,"numPendingTests":0,"perfStats":{"end":1555851559447,"start":1555851559338},"snapshot":{"added":0,"fileDeleted":false,"matched":0,"unchecked":0,"unmatched":0,"updated":0,"uncheckedKeys":[]},"testFilePath":"/Users/jona/Documents/elevation/fs_tests/sql/sql-intro-lesson-exercises/tests/spot-check-5/ex-1.test.js","testResults":[{"ancestorTitles":["exercise1"],"duration":43,"failureMessages":[],"fullName":"exercise1 Should query for deities name, coolness, and creation date. Order the results first by creation date, then by decreasing coolness.","location":null,"numPassingAsserts":0,"status":"passed","title":"Should query for deities name, coolness, and creation date. Order the results first by creation date, then by decreasing coolness."}],"sourceMaps":{},"skipped":false,"leaks":false},{"console":null,"failureMessage":null,"numFailingTests":0,"numPassingTests":1,"numPendingTests":0,"perfStats":{"end":1555851559554,"start":1555851559453},"snapshot":{"added":0,"fileDeleted":false,"matched":0,"unchecked":0,"unmatched":0,"updated":0,"uncheckedKeys":[]},"testFilePath":"/Users/jona/Documents/elevation/fs_tests/sql/sql-intro-lesson-exercises/tests/spot-check-6/ex-1.test.js","testResults":[{"ancestorTitles":["exercise1"],"duration":41,"failureMessages":[],"fullName":"exercise1 Should update every deity whose coolness level is above 10 to have a coolness level of 10","location":null,"numPassingAsserts":0,"status":"passed","title":"Should update every deity whose coolness level is above 10 to have a coolness level of 10"}],"sourceMaps":{},"skipped":false,"leaks":false},{"console":null,"failureMessage":null,"numFailingTests":0,"numPassingTests":1,"numPendingTests":0,"perfStats":{"end":1555851559654,"start":1555851559559},"snapshot":{"added":0,"fileDeleted":false,"matched":0,"unchecked":0,"unmatched":0,"updated":0,"uncheckedKeys":[]},"testFilePath":"/Users/jona/Documents/elevation/fs_tests/sql/sql-intro-lesson-exercises/tests/spot-check-4/ex-1.test.js","testResults":[{"ancestorTitles":["exercise1"],"duration":33,"failureMessages":[],"fullName":"exercise1 Should query for deities that have \"eh\" somewhere in their name","location":null,"numPassingAsserts":0,"status":"passed","title":"Should query for deities that have \"eh\" somewhere in their name"}],"sourceMaps":{},"skipped":false,"leaks":false},{"console":null,"failureMessage":null,"numFailingTests":0,"numPassingTests":1,"numPendingTests":0,"perfStats":{"end":1555851559750,"start":1555851559658},"snapshot":{"added":0,"fileDeleted":false,"matched":0,"unchecked":0,"unmatched":0,"updated":0,"uncheckedKeys":[]},"testFilePath":"/Users/jona/Documents/elevation/fs_tests/sql/sql-intro-lesson-exercises/tests/spot-check-3/ex-1.test.js","testResults":[{"ancestorTitles":["exercise1"],"duration":45,"failureMessages":[],"fullName":"exercise1 Should query for the deities who are both from Greek mythology AND with a coolness level greater than 8","location":null,"numPassingAsserts":0,"status":"passed","title":"Should query for the deities who are both from Greek mythology AND with a coolness level greater than 8"}],"sourceMaps":{},"skipped":false,"leaks":false},{"console":null,"failureMessage":null,"numFailingTests":0,"numPassingTests":1,"numPendingTests":0,"perfStats":{"end":1555851559835,"start":1555851559757},"snapshot":{"added":0,"fileDeleted":false,"matched":0,"unchecked":0,"unmatched":0,"updated":0,"uncheckedKeys":[]},"testFilePath":"/Users/jona/Documents/elevation/fs_tests/sql/sql-intro-lesson-exercises/tests/spot-check-1/ex-1.test.js","testResults":[{"ancestorTitles":["exercise1"],"duration":32,"failureMessages":[],"fullName":"exercise1 Should insert data about the Deity Felurian. Her mythology is Faen, her power is Persuasion, she has no coolness level, and her creation date is 0","location":null,"numPassingAsserts":0,"status":"passed","title":"Should insert data about the Deity Felurian. Her mythology is Faen, her power is Persuasion, she has no coolness level, and her creation date is 0"}],"sourceMaps":{},"skipped":false,"leaks":false},{"console":null,"failureMessage":null,"numFailingTests":0,"numPassingTests":1,"numPendingTests":0,"perfStats":{"end":1555851559905,"start":1555851559839},"snapshot":{"added":0,"fileDeleted":false,"matched":0,"unchecked":0,"unmatched":0,"updated":0,"uncheckedKeys":[]},"testFilePath":"/Users/jona/Documents/elevation/fs_tests/sql/sql-intro-lesson-exercises/tests/exercises/ex-3.test.js","testResults":[{"ancestorTitles":["exercise1"],"duration":28,"failureMessages":[],"fullName":"exercise1 Should delete all dolphins that have a height less than 2 and are blue","location":null,"numPassingAsserts":0,"status":"passed","title":"Should delete all dolphins that have a height less than 2 and are blue"}],"sourceMaps":{},"skipped":false,"leaks":false},{"console":null,"failureMessage":null,"numFailingTests":0,"numPassingTests":1,"numPendingTests":0,"perfStats":{"end":1555851559985,"start":1555851559912},"snapshot":{"added":0,"fileDeleted":false,"matched":0,"unchecked":0,"unmatched":0,"updated":0,"uncheckedKeys":[]},"testFilePath":"/Users/jona/Documents/elevation/fs_tests/sql/sql-intro-lesson-exercises/tests/exercises/ex-6.test.js","testResults":[{"ancestorTitles":["exercise1"],"duration":34,"failureMessages":[],"fullName":"exercise1 Should retrieve only the name and height for all the healthy dolphins sorted by their height (tallest to shortest)","location":null,"numPassingAsserts":0,"status":"passed","title":"Should retrieve only the name and height for all the healthy dolphins sorted by their height (tallest to shortest)"}],"sourceMaps":{},"skipped":false,"leaks":false},{"console":null,"failureMessage":null,"numFailingTests":0,"numPassingTests":1,"numPendingTests":0,"perfStats":{"end":1555851560067,"start":1555851559989},"snapshot":{"added":0,"fileDeleted":false,"matched":0,"unchecked":0,"unmatched":0,"updated":0,"uncheckedKeys":[]},"testFilePath":"/Users/jona/Documents/elevation/fs_tests/sql/sql-intro-lesson-exercises/tests/exercises/ex-5.test.js","testResults":[{"ancestorTitles":["exercise1"],"duration":37,"failureMessages":[],"fullName":"exercise1 Should update any the \"healthy\" column of any dolphin for any brown or green dolphin to FALSE","location":null,"numPassingAsserts":0,"status":"passed","title":"Should update any the \"healthy\" column of any dolphin for any brown or green dolphin to FALSE"}],"sourceMaps":{},"skipped":false,"leaks":false},{"console":null,"failureMessage":null,"numFailingTests":0,"numPassingTests":1,"numPendingTests":0,"perfStats":{"end":1555851560136,"start":1555851560072},"snapshot":{"added":0,"fileDeleted":false,"matched":0,"unchecked":0,"unmatched":0,"updated":0,"uncheckedKeys":[]},"testFilePath":"/Users/jona/Documents/elevation/fs_tests/sql/sql-intro-lesson-exercises/tests/exercises/ex-1.test.js","testResults":[{"ancestorTitles":["exercise1"],"duration":31,"failureMessages":[],"fullName":"exercise1 Should find all dolphins with a height greater than 2","location":null,"numPassingAsserts":0,"status":"passed","title":"Should find all dolphins with a height greater than 2"}],"sourceMaps":{},"skipped":false,"leaks":false},{"console":null,"failureMessage":null,"numFailingTests":0,"numPassingTests":1,"numPendingTests":0,"perfStats":{"end":1555851560211,"start":1555851560146},"snapshot":{"added":0,"fileDeleted":false,"matched":0,"unchecked":0,"unmatched":0,"updated":0,"uncheckedKeys":[]},"testFilePath":"/Users/jona/Documents/elevation/fs_tests/sql/sql-intro-lesson-exercises/tests/exercises/ex-4.test.js","testResults":[{"ancestorTitles":["exercise1"],"duration":31,"failureMessages":[],"fullName":"exercise1 Should update Daron to have a height of 6","location":null,"numPassingAsserts":0,"status":"passed","title":"Should update Daron to have a height of 6"}],"sourceMaps":{},"skipped":false,"leaks":false},{"console":null,"failureMessage":null,"numFailingTests":0,"numPassingTests":1,"numPendingTests":0,"perfStats":{"end":1555851560293,"start":1555851560215},"snapshot":{"added":0,"fileDeleted":false,"matched":0,"unchecked":0,"unmatched":0,"updated":0,"uncheckedKeys":[]},"testFilePath":"/Users/jona/Documents/elevation/fs_tests/sql/sql-intro-lesson-exercises/tests/exercises/ex-2.test.js","testResults":[{"ancestorTitles":["exercise1"],"duration":33,"failureMessages":[],"fullName":"exercise1 Should find all dolphins that have \"on\" anywhere in their name","location":null,"numPassingAsserts":0,"status":"passed","title":"Should find all dolphins that have \"on\" anywhere in their name"}],"sourceMaps":{},"skipped":false,"leaks":false}],"wasInterrupted":false}